<?xml version="1.0" encoding="UTF-8"?>
<!-- Generated by org.testng.reporters.JUnitReportReporter -->
<testsuite skipped="0" hostname="USLMASARCHANDR1" name="mavendemoproject.AppiumTest" tests="2" failures="0" timestamp="17 Apr 2019 15:38:35 GMT" time="0.003" errors="0">
  <testcase name="IOSApps" time="0.002" classname="mavendemoproject.AppiumTest"/>
  <testcase name="NativeAppAndriod" time="0.001" classname="mavendemoproject.AppiumTest"/>
</testsuite> <!-- mavendemoproject.AppiumTest -->
