<?xml version="1.0" encoding="UTF-8"?>
<!-- Generated by org.testng.reporters.JUnitReportReporter -->
<testsuite skipped="0" hostname="USLMASARCHANDR1" name="mavendemoproject.RESTAPITest" tests="2" failures="0" timestamp="17 Apr 2019 15:38:35 GMT" time="0.016" errors="0">
  <testcase name="postJira" time="0.003" classname="mavendemoproject.RESTAPITest"/>
  <testcase name="deleteTwitter" time="0.013" classname="mavendemoproject.RESTAPITest"/>
</testsuite> <!-- mavendemoproject.RESTAPITest -->
