<?xml version="1.0" encoding="UTF-8"?>
<!-- Generated by org.testng.reporters.JUnitReportReporter -->
<testsuite skipped="0" hostname="USLMASARCHANDR1" name="mavendemoproject.SeleniumTest" tests="2" failures="0" timestamp="17 Apr 2019 15:38:35 GMT" time="0.010" errors="0">
  <testcase name="ElementUI" time="0.009" classname="mavendemoproject.SeleniumTest"/>
  <testcase name="BrowserAutomation" time="0.001" classname="mavendemoproject.SeleniumTest"/>
</testsuite> <!-- mavendemoproject.SeleniumTest -->
