<?xml version="1.0" encoding="UTF-8"?>
<!-- Generated by org.testng.reporters.JUnitReportReporter -->
<testsuite skipped="0" hostname="USLMASARCHANDR1" name="mavendemoproject.RESTAPITest" tests="2" failures="0" timestamp="16 Apr 2019 20:48:19 GMT" time="0.008" errors="0">
  <testcase name="deleteTwitter" time="0.008" classname="mavendemoproject.RESTAPITest"/>
  <testcase name="postJira" time="0.000" classname="mavendemoproject.RESTAPITest"/>
</testsuite> <!-- mavendemoproject.RESTAPITest -->
