<?xml version="1.0" encoding="UTF-8"?>
<!-- Generated by org.testng.reporters.JUnitReportReporter -->
<testsuite skipped="0" hostname="USLMASARCHANDR1" name="mavendemoproject.AppiumTest" tests="2" failures="0" timestamp="16 Apr 2019 20:47:38 GMT" time="0.001" errors="0">
  <testcase name="NativeAppAndriod" time="0.000" classname="mavendemoproject.AppiumTest"/>
  <testcase name="IOSApps" time="0.001" classname="mavendemoproject.AppiumTest"/>
</testsuite> <!-- mavendemoproject.AppiumTest -->
