<?xml version="1.0" encoding="UTF-8"?>
<!-- Generated by org.testng.reporters.JUnitReportReporter -->
<testsuite skipped="0" hostname="USLMASARCHANDR1" name="mavendemoproject.SeleniumTest" tests="2" failures="0" timestamp="16 Apr 2019 20:48:19 GMT" time="0.001" errors="0">
  <testcase name="BrowserAutomation" time="0.001" classname="mavendemoproject.SeleniumTest"/>
  <testcase name="ElementUI" time="0.000" classname="mavendemoproject.SeleniumTest"/>
</testsuite> <!-- mavendemoproject.SeleniumTest -->
